#
# There is insufficient memory for the Java Runtime Environment to continue.
# Native memory allocation (malloc) failed to allocate 32784 bytes for Chunk::new
# Possible reasons:
#   The system is out of physical RAM or swap space
#   The process is running with CompressedOops enabled, and the Java Heap may be blocking the growth of the native heap
# Possible solutions:
#   Reduce memory load on the system
#   Increase physical memory or swap space
#   Check if swap backing store is full
#   Decrease Java heap size (-Xmx/-Xms)
#   Decrease number of Java threads
#   Decrease Java thread stack sizes (-Xss)
#   Set larger code cache with -XX:ReservedCodeCacheSize=
#   JVM is running with Unscaled Compressed Oops mode in which the Java heap is
#     placed in the first 4GB address space. The Java Heap base address is the
#     maximum limit for the native heap growth. Please use -XX:HeapBaseMinAddress
#     to set the Java Heap base and to place the Java Heap above 4GB virtual address.
# This output file may be truncated or incomplete.
#
#  Out of Memory Error (arena.cpp:184), pid=18540, tid=18412
#
# JRE version: OpenJDK Runtime Environment Temurin-19.0.2+7 (19.0.2+7) (build 19.0.2+7)
# Java VM: OpenJDK 64-Bit Server VM Temurin-19.0.2+7 (19.0.2+7, mixed mode, sharing, tiered, compressed oops, compressed class ptrs, g1 gc, windows-amd64)
# No core dump will be written. Minidumps are not enabled by default on client versions of Windows
#

---------------  S U M M A R Y ------------

Command Line: --add-modules=ALL-SYSTEM --add-opens=java.base/java.util=ALL-UNNAMED --add-opens=java.base/java.lang=ALL-UNNAMED -Declipse.application=org.python.pydev.pydev_lsp.application -Dosgi.bundles.defaultStartLevel=4 -Declipse.product=org.python.pydev.pydev_lsp.product -Xmx1G -XX:+UseG1GC -XX:+UseStringDeduplication c:\Users\hp pc\.vscode\extensions\fabioz.vscode-pydev-0.16.0\server\plugins\org.eclipse.equinox.launcher_1.6.700.v20240213-1244.jar -configuration c:\Users\hp pc\.vscode\extensions\fabioz.vscode-pydev-0.16.0\server\config_win -data c:\Users\hp pc\AppData\Roaming\Code\User\workspaceStorage\9b368a4fc97468782be64413d9b722d2\fabioz.vscode-pydev\pydev_ws

Host: Intel(R) Core(TM) i7-1065G7 CPU @ 1.30GHz, 8 cores, 7G,  Windows 11 , 64 bit Build 26100 (10.0.26100.7019)
Time: Fri Nov 14 15:45:07 2025 SE Asia Standard Time elapsed time: 248.690087 seconds (0d 0h 4m 8s)

---------------  T H R E A D  ---------------

Current thread (0x00000259fe9e4b30):  JavaThread "C2 CompilerThread0" daemon [_thread_in_native, id=18412, stack(0x000000733ad00000,0x000000733ae00000)]


Current CompileTask:
C2: 248690 5070   !   4       java.io.BufferedReader::read (78 bytes)

Stack: [0x000000733ad00000,0x000000733ae00000]
Native frames: (J=compiled Java code, j=interpreted, Vv=VM code, C=native code)
V  [jvm.dll+0x6e9e1a]
V  [jvm.dll+0x8a36c0]
V  [jvm.dll+0x8a50ae]
V  [jvm.dll+0x8a5763]
V  [jvm.dll+0x27bcdf]
V  [jvm.dll+0xc221f]
V  [jvm.dll+0xc2595]
V  [jvm.dll+0xc233b]
V  [jvm.dll+0x73f20c]
V  [jvm.dll+0x5f4dc7]
V  [jvm.dll+0x7b9802]
V  [jvm.dll+0x7b8877]
V  [jvm.dll+0x6026fa]
V  [jvm.dll+0x601390]
V  [jvm.dll+0x60109b]
V  [jvm.dll+0x5eaa9b]
V  [jvm.dll+0x24e233]
V  [jvm.dll+0x246bd6]
V  [jvm.dll+0x244565]
V  [jvm.dll+0x1cf4b1]
V  [jvm.dll+0x254229]
V  [jvm.dll+0x252418]
V  [jvm.dll+0x85403d]
V  [jvm.dll+0x84de3a]
V  [jvm.dll+0x6e8abb]
C  [ucrtbase.dll+0x37b0]
C  [KERNEL32.DLL+0x2e8d7]
C  [ntdll.dll+0x8c53c]


---------------  P R O C E S S  ---------------

Threads class SMR info:
_java_thread_list=0x0000025993010a90, length=27, elements={
0x00000259f41b5120, 0x00000259fe9d7700, 0x00000259fe9d82d0, 0x00000259fe9ddde0,
0x00000259fe9df740, 0x00000259fe9e38d0, 0x00000259fe9e4200, 0x00000259fe9e4b30,
0x00000259fe9f17c0, 0x00000259fe9f68f0, 0x00000259fea3ea30, 0x00000259fec90f80,
0x00000259ff132fa0, 0x00000259ff6c27f0, 0x00000259ff5cd1f0, 0x00000259ff449020,
0x00000259fee81190, 0x00000259ff385ef0, 0x00000259ff386440, 0x00000259ff388ec0,
0x00000259ff389410, 0x00000259ff386ee0, 0x00000259ff387980, 0x00000259ff387ed0,
0x000002599436d020, 0x0000025994371530, 0x0000025994370540
}

Java Threads: ( => current thread )
  0x00000259f41b5120 JavaThread "main" [_thread_blocked, id=7356, stack(0x0000007339f00000,0x000000733a000000)]
  0x00000259fe9d7700 JavaThread "Reference Handler" daemon [_thread_blocked, id=20068, stack(0x000000733a700000,0x000000733a800000)]
  0x00000259fe9d82d0 JavaThread "Finalizer" daemon [_thread_blocked, id=18592, stack(0x000000733a800000,0x000000733a900000)]
  0x00000259fe9ddde0 JavaThread "Signal Dispatcher" daemon [_thread_blocked, id=18764, stack(0x000000733a900000,0x000000733aa00000)]
  0x00000259fe9df740 JavaThread "Attach Listener" daemon [_thread_blocked, id=18840, stack(0x000000733aa00000,0x000000733ab00000)]
  0x00000259fe9e38d0 JavaThread "Service Thread" daemon [_thread_blocked, id=7016, stack(0x000000733ab00000,0x000000733ac00000)]
  0x00000259fe9e4200 JavaThread "Monitor Deflation Thread" daemon [_thread_blocked, id=6356, stack(0x000000733ac00000,0x000000733ad00000)]
=>0x00000259fe9e4b30 JavaThread "C2 CompilerThread0" daemon [_thread_in_native, id=18412, stack(0x000000733ad00000,0x000000733ae00000)]
  0x00000259fe9f17c0 JavaThread "C1 CompilerThread0" daemon [_thread_blocked, id=18340, stack(0x000000733ae00000,0x000000733af00000)]
  0x00000259fe9f68f0 JavaThread "Sweeper thread" daemon [_thread_blocked, id=16792, stack(0x000000733af00000,0x000000733b000000)]
  0x00000259fea3ea30 JavaThread "Common-Cleaner" daemon [_thread_blocked, id=18876, stack(0x000000733b000000,0x000000733b100000)]
  0x00000259fec90f80 JavaThread "Notification Thread" daemon [_thread_blocked, id=14188, stack(0x000000733b100000,0x000000733b200000)]
  0x00000259ff132fa0 JavaThread "Active Thread: Equinox Container: ff235527-8347-4316-93e6-1e4876b034b6" [_thread_blocked, id=21492, stack(0x000000733b400000,0x000000733b500000)]
  0x00000259ff6c27f0 JavaThread "Framework Event Dispatcher: Equinox Container: ff235527-8347-4316-93e6-1e4876b034b6" daemon [_thread_blocked, id=5392, stack(0x000000733bb00000,0x000000733bc00000)]
  0x00000259ff5cd1f0 JavaThread "Start Level: Equinox Container: ff235527-8347-4316-93e6-1e4876b034b6" daemon [_thread_blocked, id=12648, stack(0x000000733bc00000,0x000000733bd00000)]
  0x00000259ff449020 JavaThread "SCR Component Actor" daemon [_thread_blocked, id=12532, stack(0x000000733bd00000,0x000000733be00000)]
  0x00000259fee81190 JavaThread "Worker-JM" [_thread_blocked, id=7760, stack(0x000000733bf00000,0x000000733c000000)]
  0x00000259ff385ef0 JavaThread "Worker-1" [_thread_blocked, id=7176, stack(0x000000733c100000,0x000000733c200000)]
  0x00000259ff386440 JavaThread "pool-2-thread-1" [_thread_in_native, id=5680, stack(0x000000733c300000,0x000000733c400000)]
  0x00000259ff388ec0 JavaThread "pool-1-thread-1" [_thread_in_native, id=8100, stack(0x000000733c400000,0x000000733c500000)]
  0x00000259ff389410 JavaThread "FileSystemWatchService" daemon [_thread_in_native, id=7544, stack(0x000000733c700000,0x000000733c800000)]
  0x00000259ff386ee0 JavaThread "Thread-5" daemon [_thread_blocked, id=5984, stack(0x000000733c800000,0x000000733c900000)]
  0x00000259ff387980 JavaThread "Worker-3" [_thread_blocked, id=12284, stack(0x000000733be00000,0x000000733bf00000)]
  0x00000259ff387ed0 JavaThread "Thread-12" daemon [_thread_blocked, id=11416, stack(0x000000733ca00000,0x000000733cb00000)]
  0x000002599436d020 JavaThread "Shell reader (stdout)" daemon [_thread_in_native, id=7388, stack(0x000000733cc00000,0x000000733cd00000)]
  0x0000025994371530 JavaThread "Shell reader (stderr)" daemon [_thread_in_native, id=6084, stack(0x000000733cd00000,0x000000733ce00000)]
  0x0000025994370540 JavaThread "Worker-4" [_thread_blocked, id=17228, stack(0x0000007339c00000,0x0000007339d00000)]

Other Threads:
  0x00000259fe9b1d60 VMThread "VM Thread" [stack: 0x000000733a600000,0x000000733a700000] [id=20580]
  0x00000259fec914c0 WatcherThread "VM Periodic Task Thread" [stack: 0x000000733b200000,0x000000733b300000] [id=20276]
  0x00000259f41f98c0 WorkerThread "GC Thread#0" [stack: 0x000000733a000000,0x000000733a100000] [id=21356]
  0x00000259ff1d5ca0 WorkerThread "GC Thread#1" [stack: 0x000000733b300000,0x000000733b400000] [id=19648]
  0x00000259ff5c7f90 WorkerThread "GC Thread#2" [stack: 0x000000733b500000,0x000000733b600000] [id=6204]
  0x00000259ff5c9610 WorkerThread "GC Thread#3" [stack: 0x000000733b600000,0x000000733b700000] [id=5640]
  0x00000259ff5c8260 WorkerThread "GC Thread#4" [stack: 0x000000733b700000,0x000000733b800000] [id=11112]
  0x00000259ff5c8530 WorkerThread "GC Thread#5" [stack: 0x000000733b800000,0x000000733b900000] [id=12520]
  0x00000259ff5c79f0 WorkerThread "GC Thread#6" [stack: 0x000000733b900000,0x000000733ba00000] [id=8120]
  0x00000259ff5c8800 WorkerThread "GC Thread#7" [stack: 0x000000733ba00000,0x000000733bb00000] [id=3324]
  0x00000259f4202730 ConcurrentGCThread "G1 Main Marker" [stack: 0x000000733a100000,0x000000733a200000] [id=18532]
  0x00000259f4203070 WorkerThread "G1 Conc#0" [stack: 0x000000733a200000,0x000000733a300000] [id=5580]
  0x0000025993982790 WorkerThread "G1 Conc#1" [stack: 0x000000733c600000,0x000000733c700000] [id=2176]
  0x00000259fe8670e0 ConcurrentGCThread "G1 Refine#0" [stack: 0x000000733a300000,0x000000733a400000] [id=20604]
  0x00000259fe8689a0 ConcurrentGCThread "G1 Service" [stack: 0x000000733a400000,0x000000733a500000] [id=18956]
  0x00000259fe9aace0 ConcurrentGCThread "StringDedupProcessor" [stack: 0x000000733a500000,0x000000733a600000] [id=20100]

Threads with active compile tasks:
C2 CompilerThread0   248734 5070   !   4       java.io.BufferedReader::read (78 bytes)

VM state: not at safepoint (normal execution)

VM Mutex/Monitor currently owned by a thread: None

Heap address: 0x00000000c0000000, size: 1024 MB, Compressed Oops mode: 32-bit

CDS archive(s) mapped at: [0x0000000800000000-0x0000000800ad0000-0x0000000800ad0000), size 11337728, SharedBaseAddress: 0x0000000800000000, ArchiveRelocationMode: 0.
Compressed class space mapped at: 0x0000000800c00000-0x0000000840c00000, reserved size: 1073741824
Narrow klass base: 0x0000000800000000, Narrow klass shift: 0, Narrow klass range: 0x100000000

GC Precious Log:
 CardTable entry size: 512
 Card Set container configuration: InlinePtr #cards 5 size 8 Array Of Cards #cards 12 size 40 Howl #buckets 4 coarsen threshold 1843 Howl Bitmap #cards 512 size 80 coarsen threshold 460 Card regions per heap region 1 cards per card region 2048
 CPUs: 8 total, 8 available
 Memory: 7969M
 Large Page Support: Disabled
 NUMA Support: Disabled
 Compressed Oops: Enabled (32-bit)
 Heap Region Size: 1M
 Heap Min Capacity: 8M
 Heap Initial Capacity: 126M
 Heap Max Capacity: 1G
 Pre-touch: Disabled
 Parallel Workers: 8
 Concurrent Workers: 2
 Concurrent Refinement Workers: 8
 Periodic GC: Disabled
 String Deduplication is enabled

Heap:
 garbage-first heap   total 125952K, used 68242K [0x00000000c0000000, 0x0000000100000000)
  region size 1024K, 28 young (28672K), 3 survivors (3072K)
 Metaspace       used 25863K, committed 26560K, reserved 1114112K
  class space    used 2589K, committed 2944K, reserved 1048576K

Heap Regions: E=young(eden), S=young(survivor), O=old, HS=humongous(starts), HC=humongous(continues), CS=collection set, F=free, OA=open archive, CA=closed archive, TAMS=top-at-mark-start (previous, next)
|   0|0x00000000c0000000, 0x00000000c0100000, 0x00000000c0100000|100%| O|  |TAMS 0x00000000c0100000, 0x00000000c0000000| Untracked 
|   1|0x00000000c0100000, 0x00000000c0200000, 0x00000000c0200000|100%| O|  |TAMS 0x00000000c0200000, 0x00000000c0100000| Untracked 
|   2|0x00000000c0200000, 0x00000000c0300000, 0x00000000c0300000|100%| O|  |TAMS 0x00000000c0300000, 0x00000000c0200000| Untracked 
|   3|0x00000000c0300000, 0x00000000c0400000, 0x00000000c0400000|100%| O|  |TAMS 0x00000000c0400000, 0x00000000c0300000| Untracked 
|   4|0x00000000c0400000, 0x00000000c0500000, 0x00000000c0500000|100%| O|  |TAMS 0x00000000c0500000, 0x00000000c0400000| Untracked 
|   5|0x00000000c0500000, 0x00000000c0600000, 0x00000000c0600000|100%| O|  |TAMS 0x00000000c0600000, 0x00000000c0500000| Untracked 
|   6|0x00000000c0600000, 0x00000000c0700000, 0x00000000c0700000|100%| O|  |TAMS 0x00000000c0700000, 0x00000000c0600000| Untracked 
|   7|0x00000000c0700000, 0x00000000c0800000, 0x00000000c0800000|100%| O|  |TAMS 0x00000000c0800000, 0x00000000c0700000| Untracked 
|   8|0x00000000c0800000, 0x00000000c0900000, 0x00000000c0900000|100%| O|  |TAMS 0x00000000c0900000, 0x00000000c0800000| Untracked 
|   9|0x00000000c0900000, 0x00000000c0a00000, 0x00000000c0a00000|100%| O|  |TAMS 0x00000000c0a00000, 0x00000000c0900000| Untracked 
|  10|0x00000000c0a00000, 0x00000000c0b00000, 0x00000000c0b00000|100%| O|  |TAMS 0x00000000c0b00000, 0x00000000c0a00000| Untracked 
|  11|0x00000000c0b00000, 0x00000000c0c00000, 0x00000000c0c00000|100%| O|  |TAMS 0x00000000c0c00000, 0x00000000c0b00000| Untracked 
|  12|0x00000000c0c00000, 0x00000000c0d00000, 0x00000000c0d00000|100%| O|  |TAMS 0x00000000c0d00000, 0x00000000c0c00000| Untracked 
|  13|0x00000000c0d00000, 0x00000000c0e00000, 0x00000000c0e00000|100%| O|  |TAMS 0x00000000c0e00000, 0x00000000c0d00000| Untracked 
|  14|0x00000000c0e00000, 0x00000000c0f00000, 0x00000000c0f00000|100%| O|  |TAMS 0x00000000c0f00000, 0x00000000c0e00000| Untracked 
|  15|0x00000000c0f00000, 0x00000000c1000000, 0x00000000c1000000|100%| O|  |TAMS 0x00000000c0f00000, 0x00000000c0f00000| Untracked 
|  16|0x00000000c1000000, 0x00000000c1100000, 0x00000000c1100000|100%| O|  |TAMS 0x00000000c1000000, 0x00000000c1000000| Untracked 
|  17|0x00000000c1100000, 0x00000000c1200000, 0x00000000c1200000|100%| O|  |TAMS 0x00000000c1100000, 0x00000000c1100000| Untracked 
|  18|0x00000000c1200000, 0x00000000c1300000, 0x00000000c1300000|100%| O|  |TAMS 0x00000000c1200000, 0x00000000c1200000| Untracked 
|  19|0x00000000c1300000, 0x00000000c1400000, 0x00000000c1400000|100%| O|  |TAMS 0x00000000c1300000, 0x00000000c1300000| Untracked 
|  20|0x00000000c1400000, 0x00000000c1500000, 0x00000000c1500000|100%| O|  |TAMS 0x00000000c1400000, 0x00000000c1400000| Untracked 
|  21|0x00000000c1500000, 0x00000000c1600000, 0x00000000c1600000|100%| O|  |TAMS 0x00000000c1600000, 0x00000000c1500000| Untracked 
|  22|0x00000000c1600000, 0x00000000c1700000, 0x00000000c1700000|100%| O|  |TAMS 0x00000000c1700000, 0x00000000c1600000| Untracked 
|  23|0x00000000c1700000, 0x00000000c1800000, 0x00000000c1800000|100%| O|  |TAMS 0x00000000c1800000, 0x00000000c1700000| Untracked 
|  24|0x00000000c1800000, 0x00000000c1900000, 0x00000000c1900000|100%| O|  |TAMS 0x00000000c1900000, 0x00000000c1800000| Untracked 
|  25|0x00000000c1900000, 0x00000000c1a00000, 0x00000000c1a00000|100%| O|  |TAMS 0x00000000c1a00000, 0x00000000c1900000| Untracked 
|  26|0x00000000c1a00000, 0x00000000c1b00000, 0x00000000c1b00000|100%| O|  |TAMS 0x00000000c1b00000, 0x00000000c1a00000| Untracked 
|  27|0x00000000c1b00000, 0x00000000c1c00000, 0x00000000c1c00000|100%| O|  |TAMS 0x00000000c1c00000, 0x00000000c1b00000| Untracked 
|  28|0x00000000c1c00000, 0x00000000c1d00000, 0x00000000c1d00000|100%| O|  |TAMS 0x00000000c1d00000, 0x00000000c1c00000| Untracked 
|  29|0x00000000c1d00000, 0x00000000c1dcfa00, 0x00000000c1e00000| 81%| O|  |TAMS 0x00000000c1d00000, 0x00000000c1d00000| Untracked 
|  30|0x00000000c1e00000, 0x00000000c1f00000, 0x00000000c1f00000|100%| O|  |TAMS 0x00000000c1f00000, 0x00000000c1e00000| Untracked 
|  31|0x00000000c1f00000, 0x00000000c1f00000, 0x00000000c2000000|  0%| F|  |TAMS 0x00000000c1f00000, 0x00000000c1f00000| Untracked 
|  32|0x00000000c2000000, 0x00000000c2000000, 0x00000000c2100000|  0%| F|  |TAMS 0x00000000c2000000, 0x00000000c2000000| Untracked 
|  33|0x00000000c2100000, 0x00000000c2200000, 0x00000000c2200000|100%| O|  |TAMS 0x00000000c2100000, 0x00000000c2100000| Untracked 
|  34|0x00000000c2200000, 0x00000000c2300000, 0x00000000c2300000|100%| O|  |TAMS 0x00000000c2200000, 0x00000000c2200000| Untracked 
|  35|0x00000000c2300000, 0x00000000c2400000, 0x00000000c2400000|100%| O|  |TAMS 0x00000000c2300000, 0x00000000c2300000| Untracked 
|  36|0x00000000c2400000, 0x00000000c2500000, 0x00000000c2500000|100%| O|  |TAMS 0x00000000c2400000, 0x00000000c2400000| Untracked 
|  37|0x00000000c2500000, 0x00000000c2600000, 0x00000000c2600000|100%| O|  |TAMS 0x00000000c2500000, 0x00000000c2500000| Untracked 
|  38|0x00000000c2600000, 0x00000000c2700000, 0x00000000c2700000|100%| O|  |TAMS 0x00000000c2600000, 0x00000000c2600000| Untracked 
|  39|0x00000000c2700000, 0x00000000c2800000, 0x00000000c2800000|100%| O|  |TAMS 0x00000000c2700000, 0x00000000c2700000| Untracked 
|  40|0x00000000c2800000, 0x00000000c2900000, 0x00000000c2900000|100%| O|  |TAMS 0x00000000c2800000, 0x00000000c2800000| Untracked 
|  41|0x00000000c2900000, 0x00000000c2900000, 0x00000000c2a00000|  0%| F|  |TAMS 0x00000000c2900000, 0x00000000c2900000| Untracked 
|  42|0x00000000c2a00000, 0x00000000c2a00000, 0x00000000c2b00000|  0%| F|  |TAMS 0x00000000c2a00000, 0x00000000c2a00000| Untracked 
|  43|0x00000000c2b00000, 0x00000000c2b00000, 0x00000000c2c00000|  0%| F|  |TAMS 0x00000000c2b00000, 0x00000000c2b00000| Untracked 
|  44|0x00000000c2c00000, 0x00000000c2c00000, 0x00000000c2d00000|  0%| F|  |TAMS 0x00000000c2c00000, 0x00000000c2c00000| Untracked 
|  45|0x00000000c2d00000, 0x00000000c2d00000, 0x00000000c2e00000|  0%| F|  |TAMS 0x00000000c2d00000, 0x00000000c2d00000| Untracked 
|  46|0x00000000c2e00000, 0x00000000c2e00000, 0x00000000c2f00000|  0%| F|  |TAMS 0x00000000c2e00000, 0x00000000c2e00000| Untracked 
|  47|0x00000000c2f00000, 0x00000000c2f00000, 0x00000000c3000000|  0%| F|  |TAMS 0x00000000c2f00000, 0x00000000c2f00000| Untracked 
|  48|0x00000000c3000000, 0x00000000c3000000, 0x00000000c3100000|  0%| F|  |TAMS 0x00000000c3000000, 0x00000000c3000000| Untracked 
|  49|0x00000000c3100000, 0x00000000c3100000, 0x00000000c3200000|  0%| F|  |TAMS 0x00000000c3100000, 0x00000000c3100000| Untracked 
|  50|0x00000000c3200000, 0x00000000c3200000, 0x00000000c3300000|  0%| F|  |TAMS 0x00000000c3200000, 0x00000000c3200000| Untracked 
|  51|0x00000000c3300000, 0x00000000c3300000, 0x00000000c3400000|  0%| F|  |TAMS 0x00000000c3300000, 0x00000000c3300000| Untracked 
|  52|0x00000000c3400000, 0x00000000c3400000, 0x00000000c3500000|  0%| F|  |TAMS 0x00000000c3400000, 0x00000000c3400000| Untracked 
|  53|0x00000000c3500000, 0x00000000c3500000, 0x00000000c3600000|  0%| F|  |TAMS 0x00000000c3500000, 0x00000000c3500000| Untracked 
|  54|0x00000000c3600000, 0x00000000c3600000, 0x00000000c3700000|  0%| F|  |TAMS 0x00000000c3600000, 0x00000000c3600000| Untracked 
|  55|0x00000000c3700000, 0x00000000c3700000, 0x00000000c3800000|  0%| F|  |TAMS 0x00000000c3700000, 0x00000000c3700000| Untracked 
|  56|0x00000000c3800000, 0x00000000c3800000, 0x00000000c3900000|  0%| F|  |TAMS 0x00000000c3800000, 0x00000000c3800000| Untracked 
|  57|0x00000000c3900000, 0x00000000c3900000, 0x00000000c3a00000|  0%| F|  |TAMS 0x00000000c3900000, 0x00000000c3900000| Untracked 
|  58|0x00000000c3a00000, 0x00000000c3a00000, 0x00000000c3b00000|  0%| F|  |TAMS 0x00000000c3a00000, 0x00000000c3a00000| Untracked 
|  59|0x00000000c3b00000, 0x00000000c3b00000, 0x00000000c3c00000|  0%| F|  |TAMS 0x00000000c3b00000, 0x00000000c3b00000| Untracked 
|  60|0x00000000c3c00000, 0x00000000c3c00000, 0x00000000c3d00000|  0%| F|  |TAMS 0x00000000c3c00000, 0x00000000c3c00000| Untracked 
|  61|0x00000000c3d00000, 0x00000000c3d00000, 0x00000000c3e00000|  0%| F|  |TAMS 0x00000000c3d00000, 0x00000000c3d00000| Untracked 
|  62|0x00000000c3e00000, 0x00000000c3e00000, 0x00000000c3f00000|  0%| F|  |TAMS 0x00000000c3e00000, 0x00000000c3e00000| Untracked 
|  63|0x00000000c3f00000, 0x00000000c3f00000, 0x00000000c4000000|  0%| F|  |TAMS 0x00000000c3f00000, 0x00000000c3f00000| Untracked 
|  64|0x00000000c4000000, 0x00000000c4000000, 0x00000000c4100000|  0%| F|  |TAMS 0x00000000c4000000, 0x00000000c4000000| Untracked 
|  65|0x00000000c4100000, 0x00000000c4100000, 0x00000000c4200000|  0%| F|  |TAMS 0x00000000c4100000, 0x00000000c4100000| Untracked 
|  66|0x00000000c4200000, 0x00000000c4200000, 0x00000000c4300000|  0%| F|  |TAMS 0x00000000c4200000, 0x00000000c4200000| Untracked 
|  67|0x00000000c4300000, 0x00000000c4300000, 0x00000000c4400000|  0%| F|  |TAMS 0x00000000c4300000, 0x00000000c4300000| Untracked 
|  68|0x00000000c4400000, 0x00000000c4400000, 0x00000000c4500000|  0%| F|  |TAMS 0x00000000c4400000, 0x00000000c4400000| Untracked 
|  69|0x00000000c4500000, 0x00000000c4500000, 0x00000000c4600000|  0%| F|  |TAMS 0x00000000c4500000, 0x00000000c4500000| Untracked 
|  70|0x00000000c4600000, 0x00000000c46d4f58, 0x00000000c4700000| 83%| S|CS|TAMS 0x00000000c4600000, 0x00000000c4600000| Complete 
|  71|0x00000000c4700000, 0x00000000c4800000, 0x00000000c4800000|100%| S|CS|TAMS 0x00000000c4700000, 0x00000000c4700000| Complete 
|  72|0x00000000c4800000, 0x00000000c4900000, 0x00000000c4900000|100%| S|CS|TAMS 0x00000000c4800000, 0x00000000c4800000| Complete 
|  73|0x00000000c4900000, 0x00000000c4900000, 0x00000000c4a00000|  0%| F|  |TAMS 0x00000000c4900000, 0x00000000c4900000| Untracked 
|  74|0x00000000c4a00000, 0x00000000c4a00000, 0x00000000c4b00000|  0%| F|  |TAMS 0x00000000c4a00000, 0x00000000c4a00000| Untracked 
|  75|0x00000000c4b00000, 0x00000000c4b00000, 0x00000000c4c00000|  0%| F|  |TAMS 0x00000000c4b00000, 0x00000000c4b00000| Untracked 
|  76|0x00000000c4c00000, 0x00000000c4c00000, 0x00000000c4d00000|  0%| F|  |TAMS 0x00000000c4c00000, 0x00000000c4c00000| Untracked 
|  77|0x00000000c4d00000, 0x00000000c4d00000, 0x00000000c4e00000|  0%| F|  |TAMS 0x00000000c4d00000, 0x00000000c4d00000| Untracked 
|  78|0x00000000c4e00000, 0x00000000c4e00000, 0x00000000c4f00000|  0%| F|  |TAMS 0x00000000c4e00000, 0x00000000c4e00000| Untracked 
|  79|0x00000000c4f00000, 0x00000000c4f00000, 0x00000000c5000000|  0%| F|  |TAMS 0x00000000c4f00000, 0x00000000c4f00000| Untracked 
|  80|0x00000000c5000000, 0x00000000c5000000, 0x00000000c5100000|  0%| F|  |TAMS 0x00000000c5000000, 0x00000000c5000000| Untracked 
|  81|0x00000000c5100000, 0x00000000c5100000, 0x00000000c5200000|  0%| F|  |TAMS 0x00000000c5100000, 0x00000000c5100000| Untracked 
|  82|0x00000000c5200000, 0x00000000c5200000, 0x00000000c5300000|  0%| F|  |TAMS 0x00000000c5200000, 0x00000000c5200000| Untracked 
|  83|0x00000000c5300000, 0x00000000c5300000, 0x00000000c5400000|  0%| F|  |TAMS 0x00000000c5300000, 0x00000000c5300000| Untracked 
|  84|0x00000000c5400000, 0x00000000c5400000, 0x00000000c5500000|  0%| F|  |TAMS 0x00000000c5400000, 0x00000000c5400000| Untracked 
|  85|0x00000000c5500000, 0x00000000c5500000, 0x00000000c5600000|  0%| F|  |TAMS 0x00000000c5500000, 0x00000000c5500000| Untracked 
|  86|0x00000000c5600000, 0x00000000c5600000, 0x00000000c5700000|  0%| F|  |TAMS 0x00000000c5600000, 0x00000000c5600000| Untracked 
|  87|0x00000000c5700000, 0x00000000c5700000, 0x00000000c5800000|  0%| F|  |TAMS 0x00000000c5700000, 0x00000000c5700000| Untracked 
|  88|0x00000000c5800000, 0x00000000c5800000, 0x00000000c5900000|  0%| F|  |TAMS 0x00000000c5800000, 0x00000000c5800000| Untracked 
|  89|0x00000000c5900000, 0x00000000c5900000, 0x00000000c5a00000|  0%| F|  |TAMS 0x00000000c5900000, 0x00000000c5900000| Untracked 
|  90|0x00000000c5a00000, 0x00000000c5a00000, 0x00000000c5b00000|  0%| F|  |TAMS 0x00000000c5a00000, 0x00000000c5a00000| Untracked 
|  91|0x00000000c5b00000, 0x00000000c5b00000, 0x00000000c5c00000|  0%| F|  |TAMS 0x00000000c5b00000, 0x00000000c5b00000| Untracked 
|  92|0x00000000c5c00000, 0x00000000c5c00000, 0x00000000c5d00000|  0%| F|  |TAMS 0x00000000c5c00000, 0x00000000c5c00000| Untracked 
|  93|0x00000000c5d00000, 0x00000000c5d00000, 0x00000000c5e00000|  0%| F|  |TAMS 0x00000000c5d00000, 0x00000000c5d00000| Untracked 
|  94|0x00000000c5e00000, 0x00000000c5e00000, 0x00000000c5f00000|  0%| F|  |TAMS 0x00000000c5e00000, 0x00000000c5e00000| Untracked 
|  95|0x00000000c5f00000, 0x00000000c5f00000, 0x00000000c6000000|  0%| F|  |TAMS 0x00000000c5f00000, 0x00000000c5f00000| Untracked 
|  96|0x00000000c6000000, 0x00000000c6000000, 0x00000000c6100000|  0%| F|  |TAMS 0x00000000c6000000, 0x00000000c6000000| Untracked 
|  97|0x00000000c6100000, 0x00000000c6148000, 0x00000000c6200000| 28%| E|  |TAMS 0x00000000c6100000, 0x00000000c6100000| Complete 
|  98|0x00000000c6200000, 0x00000000c6300000, 0x00000000c6300000|100%| E|CS|TAMS 0x00000000c6200000, 0x00000000c6200000| Complete 
|  99|0x00000000c6300000, 0x00000000c6400000, 0x00000000c6400000|100%| E|CS|TAMS 0x00000000c6300000, 0x00000000c6300000| Complete 
| 100|0x00000000c6400000, 0x00000000c6500000, 0x00000000c6500000|100%| E|CS|TAMS 0x00000000c6400000, 0x00000000c6400000| Complete 
| 101|0x00000000c6500000, 0x00000000c6600000, 0x00000000c6600000|100%| E|CS|TAMS 0x00000000c6500000, 0x00000000c6500000| Complete 
| 102|0x00000000c6600000, 0x00000000c6700000, 0x00000000c6700000|100%| E|CS|TAMS 0x00000000c6600000, 0x00000000c6600000| Complete 
| 103|0x00000000c6700000, 0x00000000c6800000, 0x00000000c6800000|100%| E|CS|TAMS 0x00000000c6700000, 0x00000000c6700000| Complete 
| 104|0x00000000c6800000, 0x00000000c6900000, 0x00000000c6900000|100%| E|CS|TAMS 0x00000000c6800000, 0x00000000c6800000| Complete 
| 105|0x00000000c6900000, 0x00000000c6a00000, 0x00000000c6a00000|100%| E|CS|TAMS 0x00000000c6900000, 0x00000000c6900000| Complete 
| 106|0x00000000c6a00000, 0x00000000c6b00000, 0x00000000c6b00000|100%| E|CS|TAMS 0x00000000c6a00000, 0x00000000c6a00000| Complete 
| 107|0x00000000c6b00000, 0x00000000c6c00000, 0x00000000c6c00000|100%| E|CS|TAMS 0x00000000c6b00000, 0x00000000c6b00000| Complete 
| 108|0x00000000c6c00000, 0x00000000c6d00000, 0x00000000c6d00000|100%| E|CS|TAMS 0x00000000c6c00000, 0x00000000c6c00000| Complete 
| 109|0x00000000c6d00000, 0x00000000c6e00000, 0x00000000c6e00000|100%| E|CS|TAMS 0x00000000c6d00000, 0x00000000c6d00000| Complete 
| 110|0x00000000c6e00000, 0x00000000c6f00000, 0x00000000c6f00000|100%| E|CS|TAMS 0x00000000c6e00000, 0x00000000c6e00000| Complete 
| 111|0x00000000c6f00000, 0x00000000c7000000, 0x00000000c7000000|100%| E|CS|TAMS 0x00000000c6f00000, 0x00000000c6f00000| Complete 
| 112|0x00000000c7000000, 0x00000000c7100000, 0x00000000c7100000|100%| E|CS|TAMS 0x00000000c7000000, 0x00000000c7000000| Complete 
| 113|0x00000000c7100000, 0x00000000c7200000, 0x00000000c7200000|100%| E|CS|TAMS 0x00000000c7100000, 0x00000000c7100000| Complete 
| 114|0x00000000c7200000, 0x00000000c7300000, 0x00000000c7300000|100%| E|CS|TAMS 0x00000000c7200000, 0x00000000c7200000| Complete 
| 115|0x00000000c7300000, 0x00000000c7400000, 0x00000000c7400000|100%| E|CS|TAMS 0x00000000c7300000, 0x00000000c7300000| Complete 
| 116|0x00000000c7400000, 0x00000000c7500000, 0x00000000c7500000|100%| E|CS|TAMS 0x00000000c7400000, 0x00000000c7400000| Complete 
| 117|0x00000000c7500000, 0x00000000c7600000, 0x00000000c7600000|100%| E|CS|TAMS 0x00000000c7500000, 0x00000000c7500000| Complete 
| 118|0x00000000c7600000, 0x00000000c7700000, 0x00000000c7700000|100%| E|CS|TAMS 0x00000000c7600000, 0x00000000c7600000| Complete 
| 119|0x00000000c7700000, 0x00000000c7800000, 0x00000000c7800000|100%| E|CS|TAMS 0x00000000c7700000, 0x00000000c7700000| Complete 
| 120|0x00000000c7800000, 0x00000000c7900000, 0x00000000c7900000|100%| E|CS|TAMS 0x00000000c7800000, 0x00000000c7800000| Complete 
| 125|0x00000000c7d00000, 0x00000000c7e00000, 0x00000000c7e00000|100%| E|CS|TAMS 0x00000000c7d00000, 0x00000000c7d00000| Complete 
|1023|0x00000000fff00000, 0x0000000100000000, 0x0000000100000000|100%| O|  |TAMS 0x00000000fff00000, 0x00000000fff00000| Untracked 

Card table byte_map: [0x00000259f9bb0000,0x00000259f9db0000] _byte_map_base: 0x00000259f95b0000

Marking Bits (Prev, Next): (CMBitMap*) 0x00000259f41f9e40, (CMBitMap*) 0x00000259f41f9e00
 Prev Bits: [0x00000259fafb0000, 0x00000259fbfb0000)
 Next Bits: [0x00000259f9fb0000, 0x00000259fafb0000)

Polling page: 0x00000259f1f70000

Metaspace:

Usage:
  Non-class:     22.73 MB used.
      Class:      2.53 MB used.
       Both:     25.26 MB used.

Virtual space:
  Non-class space:       64.00 MB reserved,      23.06 MB ( 36%) committed,  1 nodes.
      Class space:        1.00 GB reserved,       2.88 MB ( <1%) committed,  1 nodes.
             Both:        1.06 GB reserved,      25.94 MB (  2%) committed. 

Chunk freelists:
   Non-Class:  336.00 KB
       Class:  1.11 MB
        Both:  1.44 MB

MaxMetaspaceSize: unlimited
CompressedClassSpaceSize: 1.00 GB
Initial GC threshold: 21.00 MB
Current GC threshold: 35.12 MB
CDS: on
MetaspaceReclaimPolicy: balanced
 - commit_granule_bytes: 65536.
 - commit_granule_words: 8192.
 - virtual_space_node_default_size: 8388608.
 - enlarge_chunks_in_place: 1.
 - new_chunks_are_fully_committed: 0.
 - uncommit_free_chunks: 1.
 - use_allocation_guard: 0.


Internal statistics:

num_allocs_failed_limit: 3.
num_arena_births: 514.
num_arena_deaths: 0.
num_vsnodes_births: 2.
num_vsnodes_deaths: 0.
num_space_committed: 415.
num_space_uncommitted: 0.
num_chunks_returned_to_freelist: 3.
num_chunks_taken_from_freelist: 1480.
num_chunk_merges: 3.
num_chunk_splits: 969.
num_chunks_enlarged: 631.
num_inconsistent_stats: 0.

CodeHeap 'non-profiled nmethods': size=120000Kb used=2855Kb max_used=2855Kb free=117145Kb
 bounds [0x0000025987ad0000, 0x0000025987da0000, 0x000002598f000000]
CodeHeap 'profiled nmethods': size=120000Kb used=9648Kb max_used=10165Kb free=110351Kb
 bounds [0x0000025980000000, 0x0000025980a40000, 0x0000025987530000]
CodeHeap 'non-nmethods': size=5760Kb used=1371Kb max_used=1422Kb free=4388Kb
 bounds [0x0000025987530000, 0x00000259877a0000, 0x0000025987ad0000]
 total_blobs=4880 nmethods=4288 adapters=502
 compilation: enabled
              stopped_count=0, restarted_count=0
 full_count=0

Compilation events (20 events):
Event: 236.718 Thread 0x00000259fe9e4b30 nmethod 5060 0x0000025987d96110 code [0x0000025987d96320, 0x0000025987d96990]
Event: 237.621 Thread 0x00000259fe9f17c0 5061       3       org.python.pydev.shared_core.utils.internal.win32.CSVReader::parseLine (276 bytes)
Event: 237.624 Thread 0x00000259fe9f17c0 nmethod 5061 0x00000259804fec90 code [0x00000259804ff220, 0x0000025980502898]
Event: 242.738 Thread 0x00000259fe9f17c0 5062       3       sun.nio.cs.UTF_8$Decoder::decodeArrayLoop (688 bytes)
Event: 242.742 Thread 0x00000259fe9f17c0 nmethod 5062 0x0000025980555b10 code [0x0000025980556340, 0x000002598055b478]
Event: 242.742 Thread 0x00000259fe9f17c0 5063       3       java.io.InputStreamReader::read (11 bytes)
Event: 242.742 Thread 0x00000259fe9f17c0 nmethod 5063 0x0000025980555710 code [0x00000259805558c0, 0x0000025980555a08]
Event: 242.747 Thread 0x00000259fe9f17c0 5064  s    3       java.lang.StringBuffer::toString (34 bytes)
Event: 242.747 Thread 0x00000259fe9f17c0 nmethod 5064 0x000002598001c490 code [0x000002598001c660, 0x000002598001ca58]
Event: 243.399 Thread 0x00000259fe9e4b30 5065       4       java.io.BufferedReader::read1 (171 bytes)
Event: 243.405 Thread 0x00000259fe9e4b30 nmethod 5065 0x0000025987d97010 code [0x0000025987d97220, 0x0000025987d97b90]
Event: 243.405 Thread 0x00000259fe9e4b30 5066       4       java.io.InputStreamReader::ready (8 bytes)
Event: 243.413 Thread 0x00000259fe9e4b30 nmethod 5066 0x0000025987d98410 code [0x0000025987d98660, 0x0000025987d991b0]
Event: 243.765 Thread 0x00000259fe9f17c0 5067   !   3       org.eclipse.core.internal.jobs.JobListeners::sendEvent (115 bytes)
Event: 243.768 Thread 0x00000259fe9f17c0 nmethod 5067 0x000002598006ad90 code [0x000002598006b020, 0x000002598006bdb8]
Event: 243.832 Thread 0x00000259fe9f17c0 5068       3       org.python.pydev.shared_core.string.StringUtils::join (475 bytes)
Event: 243.834 Thread 0x00000259fe9f17c0 nmethod 5068 0x0000025980405a10 code [0x0000025980405ec0, 0x00000259804084f8]
Event: 244.778 Thread 0x00000259fe9f17c0 5069       3       java.util.stream.Sink::begin (1 bytes)
Event: 244.779 Thread 0x00000259fe9f17c0 nmethod 5069 0x0000025980555310 code [0x00000259805554a0, 0x00000259805555b8]
Event: 246.664 Thread 0x00000259fe9e4b30 5070   !   4       java.io.BufferedReader::read (78 bytes)

GC Heap History (20 events):
Event: 6.919 GC heap before
{Heap before GC invocations=1 (full 0):
 garbage-first heap   total 129024K, used 33568K [0x00000000c0000000, 0x0000000100000000)
  region size 1024K, 33 young (33792K), 3 survivors (3072K)
 Metaspace       used 13022K, committed 13504K, reserved 1114112K
  class space    used 1300K, committed 1536K, reserved 1048576K
}
Event: 6.936 GC heap after
{Heap after GC invocations=2 (full 0):
 garbage-first heap   total 129024K, used 16039K [0x00000000c0000000, 0x0000000100000000)
  region size 1024K, 5 young (5120K), 5 survivors (5120K)
 Metaspace       used 13022K, committed 13504K, reserved 1114112K
  class space    used 1300K, committed 1536K, reserved 1048576K
}
Event: 10.125 GC heap before
{Heap before GC invocations=2 (full 0):
 garbage-first heap   total 129024K, used 89767K [0x00000000c0000000, 0x0000000100000000)
  region size 1024K, 65 young (66560K), 5 survivors (5120K)
 Metaspace       used 19745K, committed 20416K, reserved 1114112K
  class space    used 2057K, committed 2368K, reserved 1048576K
}
Event: 10.141 GC heap after
{Heap after GC invocations=3 (full 0):
 garbage-first heap   total 129024K, used 26546K [0x00000000c0000000, 0x0000000100000000)
  region size 1024K, 9 young (9216K), 9 survivors (9216K)
 Metaspace       used 19745K, committed 20416K, reserved 1114112K
  class space    used 2057K, committed 2368K, reserved 1048576K
}
Event: 10.360 GC heap before
{Heap before GC invocations=3 (full 0):
 garbage-first heap   total 129024K, used 77746K [0x00000000c0000000, 0x0000000100000000)
  region size 1024K, 59 young (60416K), 9 survivors (9216K)
 Metaspace       used 19747K, committed 20416K, reserved 1114112K
  class space    used 2057K, committed 2368K, reserved 1048576K
}
Event: 10.370 GC heap after
{Heap after GC invocations=4 (full 0):
 garbage-first heap   total 129024K, used 28371K [0x00000000c0000000, 0x0000000100000000)
  region size 1024K, 2 young (2048K), 2 survivors (2048K)
 Metaspace       used 19747K, committed 20416K, reserved 1114112K
  class space    used 2057K, committed 2368K, reserved 1048576K
}
Event: 13.958 GC heap before
{Heap before GC invocations=4 (full 0):
 garbage-first heap   total 129024K, used 101075K [0x00000000c0000000, 0x0000000100000000)
  region size 1024K, 56 young (57344K), 2 survivors (2048K)
 Metaspace       used 20675K, committed 21440K, reserved 1114112K
  class space    used 2154K, committed 2496K, reserved 1048576K
}
Event: 13.969 GC heap after
{Heap after GC invocations=5 (full 0):
 garbage-first heap   total 129024K, used 36621K [0x00000000c0000000, 0x0000000100000000)
  region size 1024K, 7 young (7168K), 7 survivors (7168K)
 Metaspace       used 20675K, committed 21440K, reserved 1114112K
  class space    used 2154K, committed 2496K, reserved 1048576K
}
Event: 16.809 GC heap before
{Heap before GC invocations=5 (full 0):
 garbage-first heap   total 129024K, used 86797K [0x00000000c0000000, 0x0000000100000000)
  region size 1024K, 56 young (57344K), 7 survivors (7168K)
 Metaspace       used 20680K, committed 21440K, reserved 1114112K
  class space    used 2154K, committed 2496K, reserved 1048576K
}
Event: 16.816 GC heap after
{Heap after GC invocations=6 (full 0):
 garbage-first heap   total 129024K, used 37549K [0x00000000c0000000, 0x0000000100000000)
  region size 1024K, 3 young (3072K), 3 survivors (3072K)
 Metaspace       used 20680K, committed 21440K, reserved 1114112K
  class space    used 2154K, committed 2496K, reserved 1048576K
}
Event: 24.254 GC heap before
{Heap before GC invocations=6 (full 0):
 garbage-first heap   total 129024K, used 44717K [0x00000000c0000000, 0x0000000100000000)
  region size 1024K, 11 young (11264K), 3 survivors (3072K)
 Metaspace       used 20818K, committed 21504K, reserved 1114112K
  class space    used 2167K, committed 2496K, reserved 1048576K
}
Event: 24.258 GC heap after
{Heap after GC invocations=7 (full 0):
 garbage-first heap   total 129024K, used 35831K [0x00000000c0000000, 0x0000000100000000)
  region size 1024K, 1 young (1024K), 1 survivors (1024K)
 Metaspace       used 20818K, committed 21504K, reserved 1114112K
  class space    used 2167K, committed 2496K, reserved 1048576K
}
Event: 31.517 GC heap before
{Heap before GC invocations=8 (full 0):
 garbage-first heap   total 116736K, used 114679K [0x00000000c0000000, 0x0000000100000000)
  region size 1024K, 38 young (38912K), 1 survivors (1024K)
 Metaspace       used 23044K, committed 23744K, reserved 1114112K
  class space    used 2343K, committed 2688K, reserved 1048576K
}
Event: 31.525 GC heap after
{Heap after GC invocations=9 (full 0):
 garbage-first heap   total 125952K, used 41207K [0x00000000c0000000, 0x0000000100000000)
  region size 1024K, 8 young (8192K), 8 survivors (8192K)
 Metaspace       used 23044K, committed 23744K, reserved 1114112K
  class space    used 2343K, committed 2688K, reserved 1048576K
}
Event: 31.655 GC heap before
{Heap before GC invocations=9 (full 0):
 garbage-first heap   total 125952K, used 41207K [0x00000000c0000000, 0x0000000100000000)
  region size 1024K, 9 young (9216K), 8 survivors (8192K)
 Metaspace       used 23319K, committed 24000K, reserved 1114112K
  class space    used 2372K, committed 2688K, reserved 1048576K
}
Event: 31.662 GC heap after
{Heap after GC invocations=10 (full 0):
 garbage-first heap   total 125952K, used 36973K [0x00000000c0000000, 0x0000000100000000)
  region size 1024K, 1 young (1024K), 1 survivors (1024K)
 Metaspace       used 23319K, committed 24000K, reserved 1114112K
  class space    used 2372K, committed 2688K, reserved 1048576K
}
Event: 39.580 GC heap before
{Heap before GC invocations=10 (full 0):
 garbage-first heap   total 125952K, used 88173K [0x00000000c0000000, 0x0000000100000000)
  region size 1024K, 52 young (53248K), 1 survivors (1024K)
 Metaspace       used 25768K, committed 26496K, reserved 1114112K
  class space    used 2586K, committed 2944K, reserved 1048576K
}
Event: 39.592 GC heap after
{Heap after GC invocations=11 (full 0):
 garbage-first heap   total 125952K, used 40770K [0x00000000c0000000, 0x0000000100000000)
  region size 1024K, 5 young (5120K), 5 survivors (5120K)
 Metaspace       used 25768K, committed 26496K, reserved 1114112K
  class space    used 2586K, committed 2944K, reserved 1048576K
}
Event: 206.040 GC heap before
{Heap before GC invocations=11 (full 0):
 garbage-first heap   total 125952K, used 89922K [0x00000000c0000000, 0x0000000100000000)
  region size 1024K, 54 young (55296K), 5 survivors (5120K)
 Metaspace       used 25849K, committed 26560K, reserved 1114112K
  class space    used 2589K, committed 2944K, reserved 1048576K
}
Event: 206.066 GC heap after
{Heap after GC invocations=12 (full 0):
 garbage-first heap   total 125952K, used 43666K [0x00000000c0000000, 0x0000000100000000)
  region size 1024K, 3 young (3072K), 3 survivors (3072K)
 Metaspace       used 25849K, committed 26560K, reserved 1114112K
  class space    used 2589K, committed 2944K, reserved 1048576K
}

Dll operation events (10 events):
Event: 0.019 Loaded shared library C:\Users\hp pc\.pydev_vscode\java19\jdk-19.0.2+7-jre\bin\java.dll
Event: 0.043 Loaded shared library C:\Users\hp pc\.pydev_vscode\java19\jdk-19.0.2+7-jre\bin\jsvml.dll
Event: 0.259 Loaded shared library C:\Users\hp pc\.pydev_vscode\java19\jdk-19.0.2+7-jre\bin\net.dll
Event: 0.268 Loaded shared library C:\Users\hp pc\.pydev_vscode\java19\jdk-19.0.2+7-jre\bin\nio.dll
Event: 0.288 Loaded shared library C:\Users\hp pc\.pydev_vscode\java19\jdk-19.0.2+7-jre\bin\zip.dll
Event: 0.821 Loaded shared library C:\Users\hp pc\.pydev_vscode\java19\jdk-19.0.2+7-jre\bin\jimage.dll
Event: 3.044 Loaded shared library C:\Users\hp pc\.vscode\extensions\fabioz.vscode-pydev-0.16.0\server\plugins\org.eclipse.equinox.launcher.win32.win32.x86_64_1.2.900.v20240213-1244\eclipse_11900.dll
Event: 7.263 Loaded shared library C:\Users\hp pc\.vscode\extensions\fabioz.vscode-pydev-0.16.0\server\config_win\org.eclipse.osgi\13\0\.cp\os\win32\x86_64\localfile_1_0_0.dll
Event: 7.389 Loaded shared library C:\Users\hp pc\.vscode\extensions\fabioz.vscode-pydev-0.16.0\server\config_win\org.eclipse.osgi\16\0\.cp\os\win32\x86_64\win32refresh.dll
Event: 33.963 Loaded shared library C:\Users\hp pc\.pydev_vscode\java19\jdk-19.0.2+7-jre\bin\extnet.dll

Deoptimization events (20 events):
Event: 106.149 Thread 0x00000259ff386440 DEOPT PACKING pc=0x0000025980185023 sp=0x000000733c3fe9b0
Event: 106.149 Thread 0x00000259ff386440 DEOPT UNPACKING pc=0x000002598759b0e3 sp=0x000000733c3fdeb8 mode 0
Event: 106.150 Thread 0x00000259ff386440 DEOPT PACKING pc=0x0000025980185023 sp=0x000000733c3fe9b0
Event: 106.150 Thread 0x00000259ff386440 DEOPT UNPACKING pc=0x000002598759b0e3 sp=0x000000733c3fdeb8 mode 0
Event: 106.150 Thread 0x00000259ff386440 DEOPT PACKING pc=0x0000025980185023 sp=0x000000733c3fe9b0
Event: 106.150 Thread 0x00000259ff386440 DEOPT UNPACKING pc=0x000002598759b0e3 sp=0x000000733c3fdeb8 mode 0
Event: 106.150 Thread 0x00000259ff386440 DEOPT PACKING pc=0x0000025980185023 sp=0x000000733c3fe9b0
Event: 106.150 Thread 0x00000259ff386440 DEOPT UNPACKING pc=0x000002598759b0e3 sp=0x000000733c3fdeb8 mode 0
Event: 204.815 Thread 0x00000259ff387980 DEOPT PACKING pc=0x0000025980983b67 sp=0x000000733befe960
Event: 204.815 Thread 0x00000259ff387980 DEOPT UNPACKING pc=0x000002598759b0e3 sp=0x000000733befdd80 mode 0
Event: 206.663 Thread 0x00000259ff387980 DEOPT PACKING pc=0x000002598006e8ca sp=0x000000733befedc0
Event: 206.663 Thread 0x00000259ff387980 DEOPT UNPACKING pc=0x000002598759b0e3 sp=0x000000733befe328 mode 0
Event: 241.509 Thread 0x00000259ff386440 Uncommon trap: trap_request=0xffffff45 fr.pc=0x0000025987cc3d80 relative=0x00000000000005a0
Event: 241.509 Thread 0x00000259ff386440 Uncommon trap: reason=unstable_if action=reinterpret pc=0x0000025987cc3d80 method=java.lang.String.decodeASCII([BI[CII)I @ 13 c2
Event: 241.509 Thread 0x00000259ff386440 DEOPT PACKING pc=0x0000025987cc3d80 sp=0x000000733c3fe640
Event: 241.509 Thread 0x00000259ff386440 DEOPT UNPACKING pc=0x000002598759a5a3 sp=0x000000733c3fe468 mode 2
Event: 241.509 Thread 0x00000259ff386440 Uncommon trap: trap_request=0xffffff45 fr.pc=0x0000025987d8bf04 relative=0x0000000000000484
Event: 241.509 Thread 0x00000259ff386440 Uncommon trap: reason=unstable_if action=reinterpret pc=0x0000025987d8bf04 method=java.nio.charset.CharsetDecoder.decode(Ljava/nio/ByteBuffer;Ljava/nio/CharBuffer;Z)Ljava/nio/charset/CoderResult; @ 93 c2
Event: 241.509 Thread 0x00000259ff386440 DEOPT PACKING pc=0x0000025987d8bf04 sp=0x000000733c3fe6a0
Event: 241.509 Thread 0x00000259ff386440 DEOPT UNPACKING pc=0x000002598759a5a3 sp=0x000000733c3fe420 mode 2

Classes loaded (20 events):
Event: 37.605 Loading class java/util/ResourceBundle$3
Event: 37.606 Loading class java/util/ResourceBundle$3 done
Event: 37.608 Loading class sun/util/logging/resources/logging
Event: 37.608 Loading class sun/util/logging/resources/logging done
Event: 37.609 Loading class sun/util/logging/resources/logging_en
Event: 37.609 Loading class sun/util/logging/resources/logging_en done
Event: 37.609 Loading class sun/util/logging/resources/logging_en
Event: 37.609 Loading class sun/util/logging/resources/logging_en done
Event: 37.612 Loading class sun/util/logging/resources/logging_en_US
Event: 37.612 Loading class sun/util/logging/resources/logging_en_US done
Event: 37.612 Loading class sun/util/logging/resources/logging_en_US
Event: 37.612 Loading class sun/util/logging/resources/logging_en_US done
Event: 37.614 Loading class java/util/Formatter$DateTime
Event: 37.615 Loading class java/util/Formatter$DateTime done
Event: 37.615 Loading class java/time/ZonedDateTime$1
Event: 37.615 Loading class java/time/ZonedDateTime$1 done
Event: 39.381 Loading class java/lang/invoke/WrongMethodTypeException
Event: 39.381 Loading class java/lang/invoke/WrongMethodTypeException done
Event: 203.941 Loading class java/io/FileReader
Event: 203.944 Loading class java/io/FileReader done

Classes unloaded (0 events):
No events

Classes redefined (0 events):
No events

Internal exceptions (20 events):
Event: 10.635 Thread 0x00000259ff386990 Exception <a 'java/lang/NoSuchMethodError'{0x00000000c7c405b8}: 'java.lang.Object java.lang.invoke.DirectMethodHandle$Holder.invokeStatic(java.lang.Object, long, java.lang.Object)'> (0x00000000c7c405b8) 
thrown [s\src\hotspot\share\interpreter\linkResolver.cpp, line 774]
Event: 10.637 Thread 0x00000259ff386990 Exception <a 'java/lang/NoSuchMethodError'{0x00000000c7c43eb8}: 'java.lang.Object java.lang.invoke.DirectMethodHandle$Holder.invokeStaticInit(java.lang.Object, long, java.lang.Object)'> (0x00000000c7c43eb8) 
thrown [s\src\hotspot\share\interpreter\linkResolver.cpp, line 774]
Event: 11.081 Thread 0x00000259ff387ed0 Exception <a 'java/lang/NoSuchMethodError'{0x00000000c785c568}: 'java.lang.Object java.lang.invoke.DirectMethodHandle$Holder.invokeStaticInit(java.lang.Object, int, int, int, int)'> (0x00000000c785c568) 
thrown [s\src\hotspot\share\interpreter\linkResolver.cpp, line 774]
Event: 11.268 Thread 0x00000259ff386990 Exception <a 'sun/nio/fs/WindowsException'{0x00000000c7627bb0}> (0x00000000c7627bb0) 
thrown [s\src\hotspot\share\prims\jni.cpp, line 517]
Event: 11.499 Thread 0x00000259ff387ed0 Exception <a 'java/lang/NoSuchMethodError'{0x00000000c70fdee0}: 'java.lang.Object java.lang.invoke.DirectMethodHandle$Holder.invokeStaticInit(java.lang.Object, java.lang.Object, int, int, int, int)'> (0x00000000c70fdee0) 
thrown [s\src\hotspot\share\interpreter\linkResolver.cpp, line 774]
Event: 17.488 Thread 0x00000259ff386990 Implicit null exception at 0x0000025987bd1f06 to 0x0000025987bd29e0
Event: 17.489 Thread 0x00000259ff386990 Implicit null exception at 0x0000025987c78d22 to 0x0000025987c7e0a4
Event: 20.898 Thread 0x00000259ff388ec0 Exception <a 'java/lang/IncompatibleClassChangeError'{0x00000000c7785998}: Found class java.lang.Object, but interface was expected> (0x00000000c7785998) 
thrown [s\src\hotspot\share\interpreter\linkResolver.cpp, line 841]
Event: 25.430 Thread 0x00000259ff388ec0 Exception <a 'sun/nio/fs/WindowsException'{0x00000000c6fb4e58}> (0x00000000c6fb4e58) 
thrown [s\src\hotspot\share\prims\jni.cpp, line 517]
Event: 26.613 Thread 0x00000259ff388ec0 Exception <a 'sun/nio/fs/WindowsException'{0x00000000c61ca6d8}> (0x00000000c61ca6d8) 
thrown [s\src\hotspot\share\prims\jni.cpp, line 517]
Event: 30.415 Thread 0x00000259ff388420 Exception <a 'java/lang/NoSuchMethodError'{0x00000000c4d00070}: 'int java.lang.invoke.Invokers$Holder.invokeExact_MT(java.lang.Object, java.lang.Object)'> (0x00000000c4d00070) 
thrown [s\src\hotspot\share\interpreter\linkResolver.cpp, line 774]
Event: 31.505 Thread 0x00000259ff388420 Exception <a 'java/lang/ArrayIndexOutOfBoundsException'{0x00000000c4ce2510}: Index 20270 out of bounds for length 20270> (0x00000000c4ce2510) 
thrown [s\src\hotspot\share\interpreter\interpreterRuntime.cpp, line 432]
Event: 32.467 Thread 0x00000259ff388420 Exception <a 'java/io/FileNotFoundException'{0x00000000c71b47e0}> (0x00000000c71b47e0) 
thrown [s\src\hotspot\share\prims\jni.cpp, line 517]
Event: 32.469 Thread 0x00000259ff388420 Exception <a 'java/lang/NoSuchMethodError'{0x00000000c71c4190}: 'java.lang.Object java.lang.invoke.DirectMethodHandle$Holder.newInvokeSpecial(java.lang.Object, int, java.lang.Object, java.lang.Object)'> (0x00000000c71c4190) 
thrown [s\src\hotspot\share\interpreter\linkResolver.cpp, line 774]
Event: 32.473 Thread 0x00000259ff388420 Exception <a 'java/io/FileNotFoundException'{0x00000000c71cc1e8}> (0x00000000c71cc1e8) 
thrown [s\src\hotspot\share\prims\jni.cpp, line 517]
Event: 32.476 Thread 0x00000259ff388420 Exception <a 'java/lang/NoSuchMethodError'{0x00000000c71db5c0}: 'void java.lang.invoke.DirectMethodHandle$Holder.invokeStaticInit(java.lang.Object, java.lang.Object, java.lang.Object)'> (0x00000000c71db5c0) 
thrown [s\src\hotspot\share\interpreter\linkResolver.cpp, line 774]
Event: 35.331 Thread 0x00000259ff388ec0 Exception <a 'java/lang/IncompatibleClassChangeError'{0x00000000c55f7308}: Found class java.lang.Object, but interface was expected> (0x00000000c55f7308) 
thrown [s\src\hotspot\share\interpreter\linkResolver.cpp, line 841]
Event: 36.117 Thread 0x00000259ff388ec0 Exception <a 'java/lang/IncompatibleClassChangeError'{0x00000000c5360a98}: Found class java.lang.Object, but interface was expected> (0x00000000c5360a98) 
thrown [s\src\hotspot\share\interpreter\linkResolver.cpp, line 841]
Event: 37.606 Thread 0x00000259ff388ec0 Exception <a 'java/lang/ClassNotFoundException'{0x00000000c4a004a0}: sun/util/logging/resources/spi/loggingProvider> (0x00000000c4a004a0) 
thrown [s\src\hotspot\share\classfile\systemDictionary.cpp, line 255]
Event: 39.380 Thread 0x00000259ff388ec0 Exception <a 'java/lang/IncompatibleClassChangeError'{0x00000000c4749550}: Found class java.lang.Object, but interface was expected> (0x00000000c4749550) 
thrown [s\src\hotspot\share\interpreter\linkResolver.cpp, line 841]

VM Operations (20 events):
Event: 208.067 Executing VM operation: Cleanup
Event: 208.067 Executing VM operation: Cleanup done
Event: 210.069 Executing VM operation: Cleanup
Event: 210.069 Executing VM operation: Cleanup done
Event: 213.100 Executing VM operation: Cleanup
Event: 213.101 Executing VM operation: Cleanup done
Event: 219.161 Executing VM operation: Cleanup
Event: 219.161 Executing VM operation: Cleanup done
Event: 224.185 Executing VM operation: Cleanup
Event: 224.185 Executing VM operation: Cleanup done
Event: 242.271 Executing VM operation: Cleanup
Event: 242.271 Executing VM operation: Cleanup done
Event: 243.275 Executing VM operation: Cleanup
Event: 243.275 Executing VM operation: Cleanup done
Event: 244.281 Executing VM operation: Cleanup
Event: 244.281 Executing VM operation: Cleanup done
Event: 245.293 Executing VM operation: Cleanup
Event: 245.293 Executing VM operation: Cleanup done
Event: 248.315 Executing VM operation: Cleanup
Event: 248.315 Executing VM operation: Cleanup done

Events (20 events):
Event: 33.726 Thread 0x00000259fe9f68f0 flushing nmethod 0x000002598086c890
Event: 33.726 Thread 0x00000259fe9f68f0 flushing nmethod 0x0000025980887610
Event: 33.726 Thread 0x00000259fe9f68f0 flushing nmethod 0x00000259808a3e10
Event: 33.726 Thread 0x00000259fe9f68f0 flushing nmethod 0x00000259808b5890
Event: 33.727 Thread 0x00000259fe9f68f0 flushing nmethod 0x00000259808ead90
Event: 33.727 Thread 0x00000259fe9f68f0 flushing nmethod 0x0000025980944c90
Event: 33.727 Thread 0x00000259fe9f68f0 flushing nmethod 0x000002598097c890
Event: 33.727 Thread 0x00000259fe9f68f0 flushing nmethod 0x000002598098ac90
Event: 34.009 Thread 0x000002599436d020 Thread added: 0x000002599436d020
Event: 34.009 Thread 0x0000025994371530 Thread added: 0x0000025994371530
Event: 34.544 Thread 0x00000259ff37b710 Thread exited: 0x00000259ff37b710
Event: 34.544 Thread 0x0000025994699ce0 Thread exited: 0x0000025994699ce0
Event: 35.708 Thread 0x00000259933b3f10 Thread added: 0x00000259933b3f10
Event: 36.122 Thread 0x00000259933b3f10 Thread exited: 0x00000259933b3f10
Event: 39.286 Thread 0x00000259fe9f68f0 flushing nmethod 0x0000025987d17f90
Event: 39.286 Thread 0x00000259fe9f68f0 flushing nmethod 0x0000025987d29190
Event: 99.628 Thread 0x00000259ff386990 Thread exited: 0x00000259ff386990
Event: 156.257 Thread 0x00000259ff388420 Thread exited: 0x00000259ff388420
Event: 164.307 Thread 0x00000259ff388970 Thread exited: 0x00000259ff388970
Event: 207.573 Thread 0x0000025994370540 Thread added: 0x0000025994370540


Dynamic libraries:
0x00007ff6b9650000 - 0x00007ff6b965e000 	C:\Users\hp pc\.pydev_vscode\java19\jdk-19.0.2+7-jre\bin\java.exe
0x00007ffe3b980000 - 0x00007ffe3bbe8000 	C:\WINDOWS\SYSTEM32\ntdll.dll
0x00007ffe3a950000 - 0x00007ffe3aa19000 	C:\WINDOWS\System32\KERNEL32.DLL
0x00007ffe39260000 - 0x00007ffe39658000 	C:\WINDOWS\System32\KERNELBASE.dll
0x00007ffe38d10000 - 0x00007ffe38e5b000 	C:\WINDOWS\System32\ucrtbase.dll
0x00007ffe2d610000 - 0x00007ffe2d627000 	C:\Users\hp pc\.pydev_vscode\java19\jdk-19.0.2+7-jre\bin\jli.dll
0x00007ffe3a770000 - 0x00007ffe3a937000 	C:\WINDOWS\System32\USER32.dll
0x00007ffe396f0000 - 0x00007ffe39717000 	C:\WINDOWS\System32\win32u.dll
0x00007ffe2d5a0000 - 0x00007ffe2d5b9000 	C:\Users\hp pc\.pydev_vscode\java19\jdk-19.0.2+7-jre\bin\VCRUNTIME140.dll
0x00007ffe3a680000 - 0x00007ffe3a6ab000 	C:\WINDOWS\System32\GDI32.dll
0x00007ffe39130000 - 0x00007ffe3925c000 	C:\WINDOWS\System32\gdi32full.dll
0x00007ffe39080000 - 0x00007ffe39123000 	C:\WINDOWS\System32\msvcp_win.dll
0x00007ffe20980000 - 0x00007ffe20c14000 	C:\WINDOWS\WinSxS\amd64_microsoft.windows.common-controls_6595b64144ccf1df_6.0.26100.7019_none_3e06ffa0e335b8a8\COMCTL32.dll
0x00007ffe3a040000 - 0x00007ffe3a0e9000 	C:\WINDOWS\System32\msvcrt.dll
0x00007ffe3b520000 - 0x00007ffe3b551000 	C:\WINDOWS\System32\IMM32.DLL
0x00007ffe2e7e0000 - 0x00007ffe2e7ec000 	C:\Users\hp pc\.pydev_vscode\java19\jdk-19.0.2+7-jre\bin\vcruntime140_1.dll
0x00007ffe0a470000 - 0x00007ffe0a501000 	C:\Users\hp pc\.pydev_vscode\java19\jdk-19.0.2+7-jre\bin\msvcp140.dll
0x00007ffd94e00000 - 0x00007ffd95af1000 	C:\Users\hp pc\.pydev_vscode\java19\jdk-19.0.2+7-jre\bin\server\jvm.dll
0x00007ffe3a6b0000 - 0x00007ffe3a764000 	C:\WINDOWS\System32\ADVAPI32.dll
0x00007ffe3b560000 - 0x00007ffe3b606000 	C:\WINDOWS\System32\sechost.dll
0x00007ffe3a0f0000 - 0x00007ffe3a208000 	C:\WINDOWS\System32\RPCRT4.dll
0x00007ffe2e200000 - 0x00007ffe2e20a000 	C:\WINDOWS\SYSTEM32\WSOCK32.dll
0x00007ffe3a210000 - 0x00007ffe3a284000 	C:\WINDOWS\System32\WS2_32.dll
0x00007ffe28c00000 - 0x00007ffe28c35000 	C:\WINDOWS\SYSTEM32\WINMM.dll
0x00007ffe30c10000 - 0x00007ffe30c1b000 	C:\WINDOWS\SYSTEM32\VERSION.dll
0x00007ffe37860000 - 0x00007ffe3787b000 	C:\WINDOWS\SYSTEM32\kernel.appcore.dll
0x00007ffe2d600000 - 0x00007ffe2d60a000 	C:\Users\hp pc\.pydev_vscode\java19\jdk-19.0.2+7-jre\bin\jimage.dll
0x00007ffe36390000 - 0x00007ffe365d2000 	C:\WINDOWS\SYSTEM32\DBGHELP.DLL
0x00007ffe3a290000 - 0x00007ffe3a61b000 	C:\WINDOWS\System32\combase.dll
0x00007ffe3aa90000 - 0x00007ffe3ab67000 	C:\WINDOWS\System32\OLEAUT32.dll
0x00007ffe20c20000 - 0x00007ffe20c5c000 	C:\WINDOWS\SYSTEM32\dbgcore.DLL
0x00007ffe38e60000 - 0x00007ffe38f05000 	C:\WINDOWS\System32\bcryptPrimitives.dll
0x00007ffe1cd30000 - 0x00007ffe1cd56000 	C:\Users\hp pc\.pydev_vscode\java19\jdk-19.0.2+7-jre\bin\java.dll
0x00007ffe06900000 - 0x00007ffe069d6000 	C:\Users\hp pc\.pydev_vscode\java19\jdk-19.0.2+7-jre\bin\jsvml.dll
0x00007ffe39720000 - 0x00007ffe39e6f000 	C:\WINDOWS\System32\SHELL32.dll
0x00007ffe38f10000 - 0x00007ffe3907b000 	C:\WINDOWS\System32\wintypes.dll
0x00007ffe366d0000 - 0x00007ffe36f2d000 	C:\WINDOWS\SYSTEM32\windows.storage.dll
0x00007ffe3b0a0000 - 0x00007ffe3b192000 	C:\WINDOWS\System32\SHCORE.dll
0x00007ffe3aa20000 - 0x00007ffe3aa87000 	C:\WINDOWS\System32\shlwapi.dll
0x00007ffe389f0000 - 0x00007ffe38a19000 	C:\WINDOWS\SYSTEM32\profapi.dll
0x00007ffe1cdd0000 - 0x00007ffe1cde3000 	C:\Users\hp pc\.pydev_vscode\java19\jdk-19.0.2+7-jre\bin\net.dll
0x00007ffe2e670000 - 0x00007ffe2e798000 	C:\WINDOWS\SYSTEM32\WINHTTP.dll
0x00007ffe37e00000 - 0x00007ffe37e6b000 	C:\WINDOWS\system32\mswsock.dll
0x00007ffe1ba70000 - 0x00007ffe1ba86000 	C:\Users\hp pc\.pydev_vscode\java19\jdk-19.0.2+7-jre\bin\nio.dll
0x00007ffe17bd0000 - 0x00007ffe17be8000 	C:\Users\hp pc\.pydev_vscode\java19\jdk-19.0.2+7-jre\bin\zip.dll
0x00007ffe0f320000 - 0x00007ffe0f35e000 	C:\Users\hp pc\.vscode\extensions\fabioz.vscode-pydev-0.16.0\server\plugins\org.eclipse.equinox.launcher.win32.win32.x86_64_1.2.900.v20240213-1244\eclipse_11900.dll
0x00007ffe3b1a0000 - 0x00007ffe3b337000 	C:\WINDOWS\System32\ole32.dll
0x0000000180000000 - 0x0000000180012000 	C:\Users\hp pc\.vscode\extensions\fabioz.vscode-pydev-0.16.0\server\config_win\org.eclipse.osgi\13\0\.cp\os\win32\x86_64\localfile_1_0_0.dll
0x00007ffe0e9d0000 - 0x00007ffe0e9eb000 	C:\Users\hp pc\.vscode\extensions\fabioz.vscode-pydev-0.16.0\server\config_win\org.eclipse.osgi\16\0\.cp\os\win32\x86_64\win32refresh.dll
0x00007ffe380e0000 - 0x00007ffe380ec000 	C:\WINDOWS\SYSTEM32\CRYPTBASE.DLL
0x00007ffe380c0000 - 0x00007ffe380db000 	C:\WINDOWS\SYSTEM32\CRYPTSP.dll
0x00007ffe377c0000 - 0x00007ffe377fa000 	C:\WINDOWS\system32\rsaenh.dll
0x00007ffe37eb0000 - 0x00007ffe37edb000 	C:\WINDOWS\SYSTEM32\USERENV.dll
0x00007ffe389c0000 - 0x00007ffe389ea000 	C:\WINDOWS\SYSTEM32\bcrypt.dll
0x00007ffe37240000 - 0x00007ffe37274000 	C:\WINDOWS\SYSTEM32\IPHLPAPI.DLL
0x00007ffe3a000000 - 0x00007ffe3a00a000 	C:\WINDOWS\System32\NSI.dll
0x00007ffe2e1c0000 - 0x00007ffe2e1de000 	C:\WINDOWS\SYSTEM32\dhcpcsvc6.DLL
0x00007ffe2e190000 - 0x00007ffe2e1b3000 	C:\WINDOWS\SYSTEM32\dhcpcsvc.DLL
0x00007ffe37330000 - 0x00007ffe3745c000 	C:\WINDOWS\SYSTEM32\DNSAPI.dll
0x00007ffe15eb0000 - 0x00007ffe15eb8000 	C:\Users\hp pc\.pydev_vscode\java19\jdk-19.0.2+7-jre\bin\extnet.dll

dbghelp: loaded successfully - version: 4.0.5 - missing functions: none
symbol engine: initialized successfully - sym options: 0x614 - pdb path: .;C:\Users\hp pc\.pydev_vscode\java19\jdk-19.0.2+7-jre\bin;C:\WINDOWS\SYSTEM32;C:\WINDOWS\WinSxS\amd64_microsoft.windows.common-controls_6595b64144ccf1df_6.0.26100.7019_none_3e06ffa0e335b8a8;C:\Users\hp pc\.pydev_vscode\java19\jdk-19.0.2+7-jre\bin\server;C:\Users\hp pc\.vscode\extensions\fabioz.vscode-pydev-0.16.0\server\plugins\org.eclipse.equinox.launcher.win32.win32.x86_64_1.2.900.v20240213-1244;C:\Users\hp pc\.vscode\extensions\fabioz.vscode-pydev-0.16.0\server\config_win\org.eclipse.osgi\13\0\.cp\os\win32\x86_64;C:\Users\hp pc\.vscode\extensions\fabioz.vscode-pydev-0.16.0\server\config_win\org.eclipse.osgi\16\0\.cp\os\win32\x86_64

VM Arguments:
jvm_args: --add-modules=ALL-SYSTEM --add-opens=java.base/java.util=ALL-UNNAMED --add-opens=java.base/java.lang=ALL-UNNAMED -Declipse.application=org.python.pydev.pydev_lsp.application -Dosgi.bundles.defaultStartLevel=4 -Declipse.product=org.python.pydev.pydev_lsp.product -Xmx1G -XX:+UseG1GC -XX:+UseStringDeduplication 
java_command: c:\Users\hp pc\.vscode\extensions\fabioz.vscode-pydev-0.16.0\server\plugins\org.eclipse.equinox.launcher_1.6.700.v20240213-1244.jar -configuration c:\Users\hp pc\.vscode\extensions\fabioz.vscode-pydev-0.16.0\server\config_win -data c:\Users\hp pc\AppData\Roaming\Code\User\workspaceStorage\9b368a4fc97468782be64413d9b722d2\fabioz.vscode-pydev\pydev_ws
java_class_path (initial): c:\Users\hp pc\.vscode\extensions\fabioz.vscode-pydev-0.16.0\server\plugins\org.eclipse.equinox.launcher_1.6.700.v20240213-1244.jar
Launcher Type: SUN_STANDARD

[Global flags]
     intx CICompilerCount                          = 4                                         {product} {ergonomic}
     uint ConcGCThreads                            = 2                                         {product} {ergonomic}
     uint G1ConcRefinementThreads                  = 8                                         {product} {ergonomic}
   size_t G1HeapRegionSize                         = 1048576                                   {product} {ergonomic}
    uintx GCDrainStackTargetSize                   = 64                                        {product} {ergonomic}
   size_t InitialHeapSize                          = 132120576                                 {product} {ergonomic}
   size_t MarkStackSize                            = 4194304                                   {product} {ergonomic}
   size_t MaxHeapSize                              = 1073741824                                {product} {command line}
   size_t MaxNewSize                               = 643825664                                 {product} {ergonomic}
   size_t MinHeapDeltaBytes                        = 1048576                                   {product} {ergonomic}
   size_t MinHeapSize                              = 8388608                                   {product} {ergonomic}
    uintx NonNMethodCodeHeapSize                   = 5839372                                {pd product} {ergonomic}
    uintx NonProfiledCodeHeapSize                  = 122909434                              {pd product} {ergonomic}
    uintx ProfiledCodeHeapSize                     = 122909434                              {pd product} {ergonomic}
    uintx ReservedCodeCacheSize                    = 251658240                              {pd product} {ergonomic}
     bool SegmentedCodeCache                       = true                                      {product} {ergonomic}
   size_t SoftMaxHeapSize                          = 1073741824                             {manageable} {ergonomic}
     bool UseCompressedClassPointers               = true                           {product lp64_product} {ergonomic}
     bool UseCompressedOops                        = true                           {product lp64_product} {ergonomic}
     bool UseG1GC                                  = true                                      {product} {command line}
     bool UseLargePagesIndividualAllocation        = false                                  {pd product} {ergonomic}
     bool UseStringDeduplication                   = true                                      {product} {command line}

Logging:
Log output configuration:
 #0: stdout all=warning uptime,level,tags foldmultilines=false
 #1: stderr all=off uptime,level,tags foldmultilines=false

Environment Variables:
JAVA_HOME=C:\Program Files\Java\jdk1.8.0_202
PATH=C:\Program Files\Common Files\Oracle\Java\javapath;C:\Program Files\Python313\Scripts\;C:\Program Files\Python313\;C:\Users\hp pc\AppData\Local\Programs\Python\Python310;C:\Users\hp pc\AppData\Local\Programs\Python\Python310\Scripts;C:\Users\hp pc\AppData\Local\Programs\Python\Python310\Lib\site-packages;C:\windows\system32;C:\windows;C:\windows\System32\Wbem;C:\windows\System32\WindowsPowerShell\v1.0\;C:\windows\System32\OpenSSH\;C:\Program Files (x86)\NVIDIA Corporation\PhysX\Common;C:\Program Files\NVIDIA Corporation\NVIDIA NvDLISR;C:\WINDOWS\system32;C:\WINDOWS;C:\WINDOWS\System32\Wbem;C:\WINDOWS\System32\WindowsPowerShell\v1.0\;C:\WINDOWS\System32\OpenSSH\;C:\php;C:\Users\hp pc\anaconda3\condabin;C:\Program Files\Git\cmd;C:\Program Files\Java\jdk-23\bin;C:\Program Files\nodejs\;C:\Program Files\Java\geomason.1.7.jar;;C:\Program Files\Docker\Docker\resources\bin;C:\ProgramData\chocolatey\bin;C:\Users\hp pc\AppData\Local\Programs\Python\Python312\Scripts\;C:\Users\hp pc\AppData\Local\Programs\Python\Python312\;C:\Program Files\Common Files\Oracle\Java\javapath;C:\Program Files\Python313\Scripts\;C:\Program Files\Python313\;C:\Users\hp pc\AppData\Local\Programs\Python\Python310;C:\Users\hp pc\AppData\Local\Programs\Python\Python310\Scripts;C:\Users\hp pc\AppData\Local\Programs\Python\Python310\Lib\site-packages;C:\windows\system32;C:\windows;C:\windows\System32\Wbem;C:\windows\System32\WindowsPowerShell\v1.0\;C:\windows\System32\OpenSSH\;C:\Program Files (x86)\NVIDIA Corporation\PhysX\Common;C:\Program Files\NVIDIA Corporation\NVIDIA NvDLISR;C:\WINDOWS\system32;C:\WINDOWS;C:\WINDOWS\System32\Wbem;C:\WINDOWS\System32\WindowsPowerShell\v1.0\;C:\WINDOWS\System32\OpenSSH\;C:\php;C:\Users\hp pc\anaconda3\condabin;C:\Program Files\Git\cmd;C:\Program Files\Java\jdk-23\bin;C:\Program Files\nodejs\;C:\Program Files\Java\geomason.1.7.jar;;C:\Program Files\Docker\Docker\resources\bin;C:\ProgramData\chocolatey\bin;C:\Program Files\MySQL\MySQL Shell 8.0\bin\;C:\Users\hp pc\Scripts\;C:\Users\hp pc\;C:\Users\hp pc\AppData\Local\Pr;C:\Users\hp pc\AppData\Local\Programs\Microsoft VS Code\bin
USERNAME=hp pc
OS=Windows_NT
PROCESSOR_IDENTIFIER=Intel64 Family 6 Model 126 Stepping 5, GenuineIntel
TMP=C:\Users\HPPC~1\AppData\Local\Temp
TEMP=C:\Users\HPPC~1\AppData\Local\Temp



---------------  S Y S T E M  ---------------

OS:
 Windows 11 , 64 bit Build 26100 (10.0.26100.7019)
OS uptime: 0 days 1:28 hours
Hyper-V role detected

CPU: total 8 (initial active 8) (4 cores per cpu, 2 threads per core) family 6 model 126 stepping 5 microcode 0xa6, cx8, cmov, fxsr, ht, mmx, 3dnowpref, sse, sse2, sse3, ssse3, sse4.1, sse4.2, popcnt, lzcnt, tsc, tscinvbit, avx, avx2, aes, erms, clmul, bmi1, bmi2, adx, avx512f, avx512dq, avx512cd, avx512bw, avx512vl, sha, fma, vzeroupper, avx512_vpopcntdq, avx512_vpclmulqdq, avx512_vaes, avx512_vnni, clflush, clflushopt, avx512_vbmi2, avx512_vbmi, hv, rdtscp, rdpid, fsrm, gfni, avx512_bitalg

Memory: 4k page, system-wide physical 7969M (337M free)
TotalPageFile size 32545M (AvailPageFile size 0M)
current process WorkingSet (physical memory assigned to process): 96M, peak: 227M
current process commit charge ("private bytes"): 260M, peak: 311M

vm_info: OpenJDK 64-Bit Server VM (19.0.2+7) for windows-amd64 JRE (19.0.2+7), built on 2023-01-17T00:00:00Z by "temurin" with MS VC++ 16.7 (VS2019)

END.
